Using pre-set license
Built from '2021.3/staging' branch; Version is '2021.3.9f1 (ad3870b89536) revision 11352176'; Using compiler version '192829333'; Build Type 'Release'
OS: 'Windows 11  (10.0.22621) 64bit Core' Language: 'en' Physical Memory: 16147 MB
BatchMode: 1, IsHumanControllingUs: 0, StartBugReporterOnCrash: 0, Is64bit: 1, IsPro: 1

COMMAND LINE ARGUMENTS:
C:\Program Files\UnityHubEditors\2021.3.9f1\Editor\Unity.exe
-adb2
-batchMode
-noUpm
-name
AssetImportWorker0
-projectPath
C:/Users/badmu/Documents/Unity_Projects/Submit/ALU_Project_Testing/Personal/unity-scripting
-logFile
Logs/AssetImportWorker0.log
-srvPort
61890
Successfully changed project path to: C:/Users/badmu/Documents/Unity_Projects/Submit/ALU_Project_Testing/Personal/unity-scripting
C:/Users/badmu/Documents/Unity_Projects/Submit/ALU_Project_Testing/Personal/unity-scripting
[UnityMemory] Configuration Parameters - Can be set up in boot.config
    "memorysetup-bucket-allocator-granularity=16"
    "memorysetup-bucket-allocator-bucket-count=8"
    "memorysetup-bucket-allocator-block-size=33554432"
    "memorysetup-bucket-allocator-block-count=8"
    "memorysetup-main-allocator-block-size=16777216"
    "memorysetup-thread-allocator-block-size=16777216"
    "memorysetup-gfx-main-allocator-block-size=16777216"
    "memorysetup-gfx-thread-allocator-block-size=16777216"
    "memorysetup-cache-allocator-block-size=4194304"
    "memorysetup-typetree-allocator-block-size=2097152"
    "memorysetup-profiler-bucket-allocator-granularity=16"
    "memorysetup-profiler-bucket-allocator-bucket-count=8"
    "memorysetup-profiler-bucket-allocator-block-size=33554432"
    "memorysetup-profiler-bucket-allocator-block-count=8"
    "memorysetup-profiler-allocator-block-size=16777216"
    "memorysetup-profiler-editor-allocator-block-size=1048576"
    "memorysetup-temp-allocator-size-main=16777216"
    "memorysetup-job-temp-allocator-block-size=2097152"
    "memorysetup-job-temp-allocator-block-size-background=1048576"
    "memorysetup-job-temp-allocator-reduction-small-platforms=262144"
    "memorysetup-temp-allocator-size-background-worker=32768"
    "memorysetup-temp-allocator-size-job-worker=262144"
    "memorysetup-temp-allocator-size-preload-manager=33554432"
    "memorysetup-temp-allocator-size-nav-mesh-worker=65536"
    "memorysetup-temp-allocator-size-audio-worker=65536"
    "memorysetup-temp-allocator-size-cloud-worker=32768"
    "memorysetup-temp-allocator-size-gi-baking-worker=262144"
    "memorysetup-temp-allocator-size-gfx=262144"
Refreshing native plugins compatible for Editor in 41.77 ms, found 2 plugins.
Preloading 0 native plugins for Editor in 0.00 ms.
Initialize engine version: 2021.3.9f1 (ad3870b89536)
[Subsystems] Discovering subsystems at path C:/Program Files/UnityHubEditors/2021.3.9f1/Editor/Data/Resources/UnitySubsystems
[Subsystems] Discovering subsystems at path C:/Users/badmu/Documents/Unity_Projects/Submit/ALU_Project_Testing/Personal/unity-scripting/Assets
GfxDevice: creating device client; threaded=0; jobified=0
Direct3D:
    Version:  Direct3D 11.0 [level 11.1]
    Renderer: NVIDIA GeForce RTX 3060 Laptop GPU (ID=0x2520)
    Vendor:   NVIDIA
    VRAM:     6009 MB
    Driver:   31.0.15.2698
Initialize mono
Mono path[0] = 'C:/Program Files/UnityHubEditors/2021.3.9f1/Editor/Data/Managed'
Mono path[1] = 'C:/Program Files/UnityHubEditors/2021.3.9f1/Editor/Data/MonoBleedingEdge/lib/mono/unityjit-win32'
Mono config path = 'C:/Program Files/UnityHubEditors/2021.3.9f1/Editor/Data/MonoBleedingEdge/etc'
Using monoOptions --debugger-agent=transport=dt_socket,embedding=1,server=y,suspend=n,address=127.0.0.1:56516
Begin MonoManager ReloadAssembly
Registering precompiled unity dll's ...
Register platform support module: C:/Program Files/UnityHubEditors/2021.3.9f1/Editor/Data/PlaybackEngines/WebGLSupport/UnityEditor.WebGL.Extensions.dll
Register platform support module: C:/Program Files/UnityHubEditors/2021.3.9f1/Editor/Data/PlaybackEngines/AndroidPlayer/UnityEditor.Android.Extensions.dll
Register platform support module: C:/Program Files/UnityHubEditors/2021.3.9f1/Editor/Data/PlaybackEngines/iOSSupport/UnityEditor.iOS.Extensions.dll
Register platform support module: C:/Program Files/UnityHubEditors/2021.3.9f1/Editor/Data/PlaybackEngines/WindowsStandaloneSupport/UnityEditor.WindowsStandalone.Extensions.dll
Registered in 0.004066 seconds.
Native extension for WindowsStandalone target not found
[usbmuxd] Start listen thread
[usbmuxd] Listen thread started
Native extension for iOS target not found
Native extension for Android target not found
Native extension for WebGL target not found
Refreshing native plugins compatible for Editor in 35.96 ms, found 2 plugins.
Preloading 0 native plugins for Editor in 0.00 ms.
Mono: successfully reloaded assembly
- Completed reload, in  0.479 seconds
Domain Reload Profiling:
	ReloadAssembly (480ms)
		BeginReloadAssembly (57ms)
			ExecutionOrderSort (0ms)
			DisableScriptedObjects (0ms)
			BackupInstance (0ms)
			ReleaseScriptingObjects (0ms)
			CreateAndSetChildDomain (1ms)
		EndReloadAssembly (343ms)
			LoadAssemblies (56ms)
			RebuildTransferFunctionScriptingTraits (0ms)
			SetupTypeCache (78ms)
			ReleaseScriptCaches (0ms)
			RebuildScriptCaches (28ms)
			SetupLoadedEditorAssemblies (195ms)
				LogAssemblyErrors (0ms)
				InitializePlatformSupportModulesInManaged (48ms)
				SetLoadedEditorAssemblies (0ms)
				RefreshPlugins (36ms)
				BeforeProcessingInitializeOnLoad (1ms)
				ProcessInitializeOnLoadAttributes (75ms)
				ProcessInitializeOnLoadMethodAttributes (34ms)
				AfterProcessingInitializeOnLoad (0ms)
				EditorAssembliesLoaded (0ms)
			ExecutionOrderSort2 (0ms)
			AwakeInstancesAfterBackupRestoration (0ms)
Platform modules already initialized, skipping
Registering precompiled user dll's ...
Registered in 0.003393 seconds.
Begin MonoManager ReloadAssembly
Native extension for WindowsStandalone target not found
Native extension for iOS target not found
Native extension for Android target not found
Native extension for WebGL target not found
Refreshing native plugins compatible for Editor in 0.56 ms, found 2 plugins.
Preloading 0 native plugins for Editor in 0.00 ms.
Package Manager log level set to [2]
Mono: successfully reloaded assembly
- Completed reload, in  0.929 seconds
Domain Reload Profiling:
	ReloadAssembly (930ms)
		BeginReloadAssembly (208ms)
			ExecutionOrderSort (0ms)
			DisableScriptedObjects (6ms)
			BackupInstance (0ms)
			ReleaseScriptingObjects (0ms)
			CreateAndSetChildDomain (117ms)
		EndReloadAssembly (630ms)
			LoadAssemblies (64ms)
			RebuildTransferFunctionScriptingTraits (0ms)
			SetupTypeCache (153ms)
			ReleaseScriptCaches (0ms)
			RebuildScriptCaches (40ms)
			SetupLoadedEditorAssemblies (339ms)
				LogAssemblyErrors (0ms)
				InitializePlatformSupportModulesInManaged (19ms)
				SetLoadedEditorAssemblies (0ms)
				RefreshPlugins (1ms)
				BeforeProcessingInitializeOnLoad (57ms)
				ProcessInitializeOnLoadAttributes (154ms)
				ProcessInitializeOnLoadMethodAttributes (103ms)
				AfterProcessingInitializeOnLoad (5ms)
				EditorAssembliesLoaded (0ms)
			ExecutionOrderSort2 (0ms)
			AwakeInstancesAfterBackupRestoration (6ms)
Platform modules already initialized, skipping
========================================================================
Worker process is ready to serve import requests
Launched and connected shader compiler UnityShaderCompiler.exe after 0.04 seconds
Refreshing native plugins compatible for Editor in 0.53 ms, found 2 plugins.
Preloading 0 native plugins for Editor in 0.00 ms.
Unloading 2426 Unused Serialized files (Serialized files now loaded: 0)
Unloading 60 unused Assets / (56.4 KB). Loaded Objects now: 2863.
Memory consumption went from 93.3 MB to 93.2 MB.
Total: 5.295300 ms (FindLiveObjects: 0.191700 ms CreateObjectMapping: 0.056000 ms MarkObjects: 4.946100 ms  DeleteObjects: 0.100500 ms)

AssetImportParameters requested are different than current active one (requested -> active):
  custom:video-decoder-ogg-theora: a1e56fd34408186e4bbccfd4996cb3dc -> 
  custom:container-muxer-webm: aa71ff27fc2769a1b78a27578f13a17b -> 
  custom:container-demuxer-webm: 4f35f7cbe854078d1ac9338744f61a02 -> 
  custom:video-encoder-webm-vp8: eb34c28f22e8b96e1ab97ce403110664 -> 
  custom:audio-encoder-webm-vorbis: bf7c407c2cedff20999df2af8eb42d56 -> 
  custom:framework-win-MediaFoundation: 216162199b28c13a410421893ffa2e32 -> 
  custom:container-demuxer-ogg: 62fdf1f143b41e24485cea50d1cbac27 -> 
  custom:video-decoder-webm-vp8: 9c59270c3fd7afecdb556c50c9e8de78 -> 
  custom:audio-decoder-ogg-vorbis: bf7c407c2cedff20999df2af8eb42d56 -> 
========================================================================
Received Import Request.
  Time since last request: 33263.228813 seconds.
  path: Assets/Materials/goal.mat
  artifactKey: Guid(34b5ae72964b5584d9e97fa20c5aa345) Importer(815301076,1909f56bfc062723c751e8b465ee728b)
Start importing Assets/Materials/goal.mat using Guid(34b5ae72964b5584d9e97fa20c5aa345) Importer(815301076,1909f56bfc062723c751e8b465ee728b)  -> (artifact id: 'cb2122cbe1849c3270825929ad4deae1') in 0.101590 seconds 
========================================================================
Received Import Request.
  Time since last request: 0.000019 seconds.
  path: Assets/Materials/player.mat
  artifactKey: Guid(f1a4df93f83f890489482614f1078019) Importer(815301076,1909f56bfc062723c751e8b465ee728b)
Start importing Assets/Materials/player.mat using Guid(f1a4df93f83f890489482614f1078019) Importer(815301076,1909f56bfc062723c751e8b465ee728b)  -> (artifact id: '57a21bd85b2a2bb5cfa35b33b62cdfbf') in 0.010821 seconds 
========================================================================
Received Import Request.
  Time since last request: 25.866833 seconds.
  path: Assets/Materials/gola.mat
  artifactKey: Guid(34b5ae72964b5584d9e97fa20c5aa345) Importer(815301076,1909f56bfc062723c751e8b465ee728b)
Start importing Assets/Materials/gola.mat using Guid(34b5ae72964b5584d9e97fa20c5aa345) Importer(815301076,1909f56bfc062723c751e8b465ee728b)  -> (artifact id: 'd388e69ad704d79b2dbea8bdb8822e71') in 0.011307 seconds 
========================================================================
Received Import Request.
  Time since last request: 11.112959 seconds.
  path: Assets/Materials/goal.mat
  artifactKey: Guid(34b5ae72964b5584d9e97fa20c5aa345) Importer(815301076,1909f56bfc062723c751e8b465ee728b)
Start importing Assets/Materials/goal.mat using Guid(34b5ae72964b5584d9e97fa20c5aa345) Importer(815301076,1909f56bfc062723c751e8b465ee728b)  -> (artifact id: '8edd14c4680927fa8c86faceef2256ea') in 0.010958 seconds 
========================================================================
Received Import Request.
  Time since last request: 73.114329 seconds.
  path: Assets/Materials/coin 1.mat
  artifactKey: Guid(5fe10947bdc1a7c40860ff7c2ff3773e) Importer(815301076,1909f56bfc062723c751e8b465ee728b)
Start importing Assets/Materials/coin 1.mat using Guid(5fe10947bdc1a7c40860ff7c2ff3773e) Importer(815301076,1909f56bfc062723c751e8b465ee728b)  -> (artifact id: '7425c58a68ae7abb0d044de92b0b74fe') in 0.011663 seconds 
========================================================================
Received Import Request.
  Time since last request: 23.237966 seconds.
  path: Assets/Materials/coin.mat
  artifactKey: Guid(5fe10947bdc1a7c40860ff7c2ff3773e) Importer(815301076,1909f56bfc062723c751e8b465ee728b)
Start importing Assets/Materials/coin.mat using Guid(5fe10947bdc1a7c40860ff7c2ff3773e) Importer(815301076,1909f56bfc062723c751e8b465ee728b)  -> (artifact id: '4201bec3f48da24e5c51e7df10f9fea7') in 0.009346 seconds 
========================================================================
Received Import Request.
  Time since last request: 12.029917 seconds.
  path: Assets/Prefabs/Coin.prefab
  artifactKey: Guid(c8a4416ab834a5a4f8ec44cce5115e30) Importer(815301076,1909f56bfc062723c751e8b465ee728b)
Start importing Assets/Prefabs/Coin.prefab using Guid(c8a4416ab834a5a4f8ec44cce5115e30) Importer(815301076,1909f56bfc062723c751e8b465ee728b)  -> (artifact id: '72da7e47e01071e4a4de804496a48af1') in 0.024268 seconds 
========================================================================
Received Import Request.
  Time since last request: 7.709591 seconds.
  path: Assets/Prefabs/Coin.prefab
  artifactKey: Guid(c8a4416ab834a5a4f8ec44cce5115e30) Importer(815301076,1909f56bfc062723c751e8b465ee728b)
Start importing Assets/Prefabs/Coin.prefab using Guid(c8a4416ab834a5a4f8ec44cce5115e30) Importer(815301076,1909f56bfc062723c751e8b465ee728b)  -> (artifact id: '37c36954a20218e2fb4254c37cb3d0e5') in 0.009952 seconds 
